2025-11-28 20:42:57,072 INFO o.a.j.u.JMeterUtils: Setting Locale to en_EN
2025-11-28 20:42:57,091 INFO o.a.j.JMeter: Loading user properties from: C:\Users\KDO\Downloads\apache-jmeter-5.6.3\apache-jmeter-5.6.3\bin\user.properties
2025-11-28 20:42:57,091 INFO o.a.j.JMeter: Loading system properties from: C:\Users\KDO\Downloads\apache-jmeter-5.6.3\apache-jmeter-5.6.3\bin\system.properties
2025-11-28 20:42:57,097 INFO o.a.j.JMeter: Copyright (c) 1998-2024 The Apache Software Foundation
2025-11-28 20:42:57,097 INFO o.a.j.JMeter: Version 5.6.3
2025-11-28 20:42:57,097 INFO o.a.j.JMeter: java.version=21.0.5
2025-11-28 20:42:57,097 INFO o.a.j.JMeter: java.vm.name=Java HotSpot(TM) 64-Bit Server VM
2025-11-28 20:42:57,097 INFO o.a.j.JMeter: os.name=Windows 11
2025-11-28 20:42:57,098 INFO o.a.j.JMeter: os.arch=amd64
2025-11-28 20:42:57,098 INFO o.a.j.JMeter: os.version=10.0
2025-11-28 20:42:57,098 INFO o.a.j.JMeter: file.encoding=UTF-8
2025-11-28 20:42:57,098 INFO o.a.j.JMeter: java.awt.headless=null
2025-11-28 20:42:57,098 INFO o.a.j.JMeter: Max memory     =1073741824
2025-11-28 20:42:57,098 INFO o.a.j.JMeter: Available Processors =16
2025-11-28 20:42:57,106 INFO o.a.j.JMeter: Default Locale=English (EN)
2025-11-28 20:42:57,106 INFO o.a.j.JMeter: JMeter  Locale=English (EN)
2025-11-28 20:42:57,106 INFO o.a.j.JMeter: JMeterHome=C:\Users\KDO\Downloads\apache-jmeter-5.6.3\apache-jmeter-5.6.3
2025-11-28 20:42:57,106 INFO o.a.j.JMeter: user.dir  =C:\Users\KDO\IS-1-LAB\microservices
2025-11-28 20:42:57,107 INFO o.a.j.JMeter: PWD       =C:\Users\KDO\IS-1-LAB\microservices
2025-11-28 20:42:57,108 INFO o.a.j.JMeter: IP: 172.28.29.26 Name: DESKTOP-MKUCJSB FullName: DESKTOP-MKUCJSB
2025-11-28 20:42:57,119 INFO o.a.j.JMeter: Loaded icon properties from org/apache/jmeter/images/icon.properties
2025-11-28 20:42:57,261 INFO o.a.j.JMeterGuiLauncher: Setting LAF to: com.github.weisj.darklaf.DarkLaf:com.github.weisj.darklaf.theme.DarculaTheme
2025-11-28 20:43:11,578 INFO o.a.j.s.FileServer: Default base='C:\Users\KDO\IS-1-LAB\microservices'
2025-11-28 20:43:11,581 INFO o.a.j.g.a.Load: Loading file: C:\Users\KDO\IS-1-LAB\jmeter\ConcurrencyTest_Fixed.jmx
2025-11-28 20:43:11,581 INFO o.a.j.s.FileServer: Set new base='C:\Users\KDO\IS-1-LAB\jmeter'
2025-11-28 20:43:11,734 INFO o.a.j.s.SaveService: Testplan (JMX) version: 2.2. Testlog (JTL) version: 2.2
2025-11-28 20:43:11,761 INFO o.a.j.s.SaveService: Using SaveService properties version 5.0
2025-11-28 20:43:11,763 INFO o.a.j.s.SaveService: Using SaveService properties file encoding UTF-8
2025-11-28 20:43:11,764 INFO o.a.j.s.SaveService: Loading file: C:\Users\KDO\IS-1-LAB\jmeter\ConcurrencyTest_Fixed.jmx
2025-11-28 20:43:11,786 INFO o.a.j.p.h.s.HTTPSamplerBase: Parser for text/html is org.apache.jmeter.protocol.http.parser.LagartoBasedHtmlParser
2025-11-28 20:43:11,786 INFO o.a.j.p.h.s.HTTPSamplerBase: Parser for application/xhtml+xml is org.apache.jmeter.protocol.http.parser.LagartoBasedHtmlParser
2025-11-28 20:43:11,786 INFO o.a.j.p.h.s.HTTPSamplerBase: Parser for application/xml is org.apache.jmeter.protocol.http.parser.LagartoBasedHtmlParser
2025-11-28 20:43:11,786 INFO o.a.j.p.h.s.HTTPSamplerBase: Parser for text/xml is org.apache.jmeter.protocol.http.parser.LagartoBasedHtmlParser
2025-11-28 20:43:11,786 INFO o.a.j.p.h.s.HTTPSamplerBase: Parser for text/vnd.wap.wml is org.apache.jmeter.protocol.http.parser.RegexpHTMLParser
2025-11-28 20:43:11,786 INFO o.a.j.p.h.s.HTTPSamplerBase: Parser for text/css is org.apache.jmeter.protocol.http.parser.CssParser
2025-11-28 20:43:11,989 INFO o.a.j.s.SampleResult: Note: Sample TimeStamps are START times
2025-11-28 20:43:11,989 INFO o.a.j.s.SampleResult: sampleresult.default.encoding is set to UTF-8
2025-11-28 20:43:11,989 INFO o.a.j.s.SampleResult: sampleresult.useNanoTime=true
2025-11-28 20:43:11,989 INFO o.a.j.s.SampleResult: sampleresult.nanoThreadSleep=5000
2025-11-28 20:43:12,193 INFO o.a.j.s.FileServer: Set new base='C:\Users\KDO\IS-1-LAB\jmeter'
2025-11-28 20:43:13,161 INFO o.a.j.e.StandardJMeterEngine: Running the test!
2025-11-28 20:43:13,163 INFO o.a.j.s.SampleEvent: List of sample_variables: []
2025-11-28 20:43:13,163 INFO o.a.j.s.SampleEvent: List of sample_variables: []
2025-11-28 20:43:13,163 INFO o.a.j.e.u.CompoundVariable: Note: Function class names must contain the string: '.functions.'
2025-11-28 20:43:13,163 INFO o.a.j.e.u.CompoundVariable: Note: Function class names must not contain the string: '.gui.'
2025-11-28 20:43:13,201 INFO o.a.j.g.u.JMeterMenuBar: setRunning(true, *local*)
2025-11-28 20:43:13,202 INFO o.a.j.e.StandardJMeterEngine: Starting setUp thread groups
2025-11-28 20:43:13,202 INFO o.a.j.e.StandardJMeterEngine: Starting setUp ThreadGroup: 1 : Setup - Create Test Cities 
2025-11-28 20:43:13,202 INFO o.a.j.e.StandardJMeterEngine: Starting 1 threads for group Setup - Create Test Cities.
2025-11-28 20:43:13,202 INFO o.a.j.e.StandardJMeterEngine: Thread will continue on error
2025-11-28 20:43:13,202 INFO o.a.j.t.ThreadGroup: Starting thread group... number=1 threads=1 ramp-up=1 delayedStart=false
2025-11-28 20:43:13,206 INFO o.a.j.t.ThreadGroup: Started thread group number 1
2025-11-28 20:43:13,206 INFO o.a.j.e.StandardJMeterEngine: Waiting for all setup thread groups to exit
2025-11-28 20:43:13,206 INFO o.a.j.t.JMeterThread: Thread started: Setup - Create Test Cities 1-1
2025-11-28 20:43:13,217 INFO o.a.j.p.h.s.HTTPHCAbstractImpl: Local host = DESKTOP-MKUCJSB
2025-11-28 20:43:13,223 INFO o.a.j.p.h.s.HTTPHC4Impl: HTTP request retry count = 0
2025-11-28 20:43:13,357 INFO o.a.j.t.JMeterThread: Thread is done: Setup - Create Test Cities 1-1
2025-11-28 20:43:13,358 INFO o.a.j.t.JMeterThread: Thread finished: Setup - Create Test Cities 1-1
2025-11-28 20:43:13,358 INFO o.a.j.e.StandardJMeterEngine: All Setup Threads have ended
2025-11-28 20:43:13,381 INFO o.a.j.e.StandardJMeterEngine: Starting ThreadGroup: 1 : Test 1: Duplicate Coordinates
2025-11-28 20:43:13,382 INFO o.a.j.e.StandardJMeterEngine: Starting 10 threads for group Test 1: Duplicate Coordinates.
2025-11-28 20:43:13,382 INFO o.a.j.e.StandardJMeterEngine: Thread will continue on error
2025-11-28 20:43:13,382 INFO o.a.j.t.ThreadGroup: Starting thread group... number=1 threads=10 ramp-up=0 delayedStart=false
2025-11-28 20:43:13,383 INFO o.a.j.t.JMeterThread: Thread started: Test 1: Duplicate Coordinates 1-2
2025-11-28 20:43:13,383 INFO o.a.j.t.JMeterThread: Thread started: Test 1: Duplicate Coordinates 1-1
2025-11-28 20:43:13,383 INFO o.a.j.t.JMeterThread: Thread started: Test 1: Duplicate Coordinates 1-3
2025-11-28 20:43:13,383 INFO o.a.j.t.JMeterThread: Thread started: Test 1: Duplicate Coordinates 1-4
2025-11-28 20:43:13,383 INFO o.a.j.t.JMeterThread: Thread started: Test 1: Duplicate Coordinates 1-5
2025-11-28 20:43:13,383 INFO o.a.j.t.JMeterThread: Thread started: Test 1: Duplicate Coordinates 1-6
2025-11-28 20:43:13,384 INFO o.a.j.t.JMeterThread: Thread started: Test 1: Duplicate Coordinates 1-7
2025-11-28 20:43:13,384 INFO o.a.j.t.JMeterThread: Thread started: Test 1: Duplicate Coordinates 1-8
2025-11-28 20:43:13,384 INFO o.a.j.t.ThreadGroup: Started thread group number 1
2025-11-28 20:43:13,384 INFO o.a.j.e.StandardJMeterEngine: Starting ThreadGroup: 2 : Test 2: Concurrent Updates
2025-11-28 20:43:13,384 INFO o.a.j.e.StandardJMeterEngine: Starting 10 threads for group Test 2: Concurrent Updates.
2025-11-28 20:43:13,384 INFO o.a.j.t.JMeterThread: Thread started: Test 1: Duplicate Coordinates 1-9
2025-11-28 20:43:13,384 INFO o.a.j.e.StandardJMeterEngine: Thread will continue on error
2025-11-28 20:43:13,384 INFO o.a.j.t.JMeterThread: Thread started: Test 1: Duplicate Coordinates 1-10
2025-11-28 20:43:13,384 INFO o.a.j.t.ThreadGroup: Starting thread group... number=2 threads=10 ramp-up=0 delayedStart=false
2025-11-28 20:43:13,386 INFO o.a.j.t.JMeterThread: Thread started: Test 2: Concurrent Updates 2-1
2025-11-28 20:43:13,387 INFO o.a.j.t.JMeterThread: Thread started: Test 2: Concurrent Updates 2-2
2025-11-28 20:43:13,387 INFO o.a.j.t.JMeterThread: Thread started: Test 2: Concurrent Updates 2-3
2025-11-28 20:43:13,388 INFO o.a.j.t.JMeterThread: Thread started: Test 2: Concurrent Updates 2-5
2025-11-28 20:43:13,388 INFO o.a.j.t.JMeterThread: Thread started: Test 2: Concurrent Updates 2-4
2025-11-28 20:43:13,388 INFO o.a.j.t.JMeterThread: Thread started: Test 2: Concurrent Updates 2-6
2025-11-28 20:43:13,388 INFO o.a.j.t.JMeterThread: Thread started: Test 2: Concurrent Updates 2-8
2025-11-28 20:43:13,388 INFO o.a.j.t.ThreadGroup: Started thread group number 2
2025-11-28 20:43:13,388 INFO o.a.j.e.StandardJMeterEngine: Starting ThreadGroup: 3 : Test 3: Concurrent Deletes
2025-11-28 20:43:13,388 INFO o.a.j.e.StandardJMeterEngine: Starting 10 threads for group Test 3: Concurrent Deletes.
2025-11-28 20:43:13,390 INFO o.a.j.e.StandardJMeterEngine: Thread will continue on error
2025-11-28 20:43:13,390 INFO o.a.j.t.ThreadGroup: Starting thread group... number=3 threads=10 ramp-up=0 delayedStart=false
2025-11-28 20:43:13,390 INFO o.a.j.t.JMeterThread: Thread started: Test 2: Concurrent Updates 2-9
2025-11-28 20:43:13,390 INFO o.a.j.t.JMeterThread: Thread started: Test 2: Concurrent Updates 2-7
2025-11-28 20:43:13,391 INFO o.a.j.t.JMeterThread: Thread started: Test 3: Concurrent Deletes 3-1
2025-11-28 20:43:13,391 INFO o.a.j.t.JMeterThread: Thread started: Test 2: Concurrent Updates 2-10
2025-11-28 20:43:13,393 INFO o.a.j.t.JMeterThread: Thread started: Test 3: Concurrent Deletes 3-2
2025-11-28 20:43:13,396 INFO o.a.j.t.JMeterThread: Thread started: Test 3: Concurrent Deletes 3-3
2025-11-28 20:43:13,398 INFO o.a.j.t.JMeterThread: Thread started: Test 3: Concurrent Deletes 3-4
2025-11-28 20:43:13,403 INFO o.a.j.t.JMeterThread: Thread started: Test 3: Concurrent Deletes 3-5
2025-11-28 20:43:13,405 INFO o.a.j.t.JMeterThread: Thread started: Test 3: Concurrent Deletes 3-6
2025-11-28 20:43:13,406 INFO o.a.j.t.JMeterThread: Thread started: Test 3: Concurrent Deletes 3-7
2025-11-28 20:43:13,406 INFO o.a.j.t.JMeterThread: Thread started: Test 3: Concurrent Deletes 3-8
2025-11-28 20:43:13,406 INFO o.a.j.t.JMeterThread: Thread started: Test 3: Concurrent Deletes 3-9
2025-11-28 20:43:13,406 INFO o.a.j.t.ThreadGroup: Started thread group number 3
2025-11-28 20:43:13,407 INFO o.a.j.t.JMeterThread: Thread is done: Test 2: Concurrent Updates 2-5
2025-11-28 20:43:13,407 INFO o.a.j.e.StandardJMeterEngine: All thread groups have been started
2025-11-28 20:43:13,407 INFO o.a.j.t.JMeterThread: Thread finished: Test 2: Concurrent Updates 2-5
2025-11-28 20:43:13,407 INFO o.a.j.t.JMeterThread: Thread is done: Test 1: Duplicate Coordinates 1-9
2025-11-28 20:43:13,407 INFO o.a.j.t.JMeterThread: Thread finished: Test 1: Duplicate Coordinates 1-9
2025-11-28 20:43:13,407 INFO o.a.j.t.JMeterThread: Thread is done: Test 1: Duplicate Coordinates 1-1
2025-11-28 20:43:13,407 INFO o.a.j.t.JMeterThread: Thread is done: Test 1: Duplicate Coordinates 1-10
2025-11-28 20:43:13,407 INFO o.a.j.t.JMeterThread: Thread is done: Test 1: Duplicate Coordinates 1-3
2025-11-28 20:43:13,408 INFO o.a.j.t.JMeterThread: Thread finished: Test 1: Duplicate Coordinates 1-1
2025-11-28 20:43:13,408 INFO o.a.j.t.JMeterThread: Thread finished: Test 1: Duplicate Coordinates 1-10
2025-11-28 20:43:13,408 INFO o.a.j.t.JMeterThread: Thread finished: Test 1: Duplicate Coordinates 1-3
2025-11-28 20:43:13,407 INFO o.a.j.t.JMeterThread: Thread is done: Test 1: Duplicate Coordinates 1-5
2025-11-28 20:43:13,408 INFO o.a.j.t.JMeterThread: Thread finished: Test 1: Duplicate Coordinates 1-5
2025-11-28 20:43:13,408 INFO o.a.j.t.JMeterThread: Thread is done: Test 1: Duplicate Coordinates 1-8
2025-11-28 20:43:13,408 INFO o.a.j.t.JMeterThread: Thread is done: Test 2: Concurrent Updates 2-1
2025-11-28 20:43:13,408 INFO o.a.j.t.JMeterThread: Thread finished: Test 1: Duplicate Coordinates 1-8
2025-11-28 20:43:13,408 INFO o.a.j.t.JMeterThread: Thread started: Test 3: Concurrent Deletes 3-10
2025-11-28 20:43:13,408 INFO o.a.j.t.JMeterThread: Thread finished: Test 2: Concurrent Updates 2-1
2025-11-28 20:43:13,408 INFO o.a.j.t.JMeterThread: Thread is done: Test 1: Duplicate Coordinates 1-6
2025-11-28 20:43:13,408 INFO o.a.j.t.JMeterThread: Thread finished: Test 1: Duplicate Coordinates 1-6
2025-11-28 20:43:13,410 INFO o.a.j.t.JMeterThread: Thread is done: Test 1: Duplicate Coordinates 1-7
2025-11-28 20:43:13,411 INFO o.a.j.t.JMeterThread: Thread finished: Test 1: Duplicate Coordinates 1-7
2025-11-28 20:43:13,411 INFO o.a.j.t.JMeterThread: Thread is done: Test 1: Duplicate Coordinates 1-4
2025-11-28 20:43:13,411 INFO o.a.j.t.JMeterThread: Thread finished: Test 1: Duplicate Coordinates 1-4
2025-11-28 20:43:13,416 INFO o.a.j.t.JMeterThread: Thread is done: Test 2: Concurrent Updates 2-2
2025-11-28 20:43:13,416 INFO o.a.j.t.JMeterThread: Thread finished: Test 2: Concurrent Updates 2-2
2025-11-28 20:43:13,416 INFO o.a.j.t.JMeterThread: Thread is done: Test 1: Duplicate Coordinates 1-2
2025-11-28 20:43:13,416 INFO o.a.j.t.JMeterThread: Thread finished: Test 1: Duplicate Coordinates 1-2
2025-11-28 20:43:13,418 INFO o.a.j.t.JMeterThread: Thread is done: Test 2: Concurrent Updates 2-6
2025-11-28 20:43:13,418 INFO o.a.j.t.JMeterThread: Thread is done: Test 2: Concurrent Updates 2-4
2025-11-28 20:43:13,419 INFO o.a.j.t.JMeterThread: Thread finished: Test 2: Concurrent Updates 2-6
2025-11-28 20:43:13,419 INFO o.a.j.t.JMeterThread: Thread finished: Test 2: Concurrent Updates 2-4
2025-11-28 20:43:13,420 INFO o.a.j.t.JMeterThread: Thread is done: Test 2: Concurrent Updates 2-3
2025-11-28 20:43:13,420 INFO o.a.j.t.JMeterThread: Thread finished: Test 2: Concurrent Updates 2-3
2025-11-28 20:43:13,420 INFO o.a.j.t.JMeterThread: Thread is done: Test 2: Concurrent Updates 2-8
2025-11-28 20:43:13,420 INFO o.a.j.t.JMeterThread: Thread is done: Test 2: Concurrent Updates 2-9
2025-11-28 20:43:13,420 INFO o.a.j.t.JMeterThread: Thread finished: Test 2: Concurrent Updates 2-9
2025-11-28 20:43:13,420 INFO o.a.j.t.JMeterThread: Thread finished: Test 2: Concurrent Updates 2-8
2025-11-28 20:43:13,425 INFO o.a.j.t.JMeterThread: Thread is done: Test 2: Concurrent Updates 2-7
2025-11-28 20:43:13,425 INFO o.a.j.t.JMeterThread: Thread finished: Test 2: Concurrent Updates 2-7
2025-11-28 20:43:13,426 INFO o.a.j.t.JMeterThread: Thread is done: Test 2: Concurrent Updates 2-10
2025-11-28 20:43:13,426 INFO o.a.j.t.JMeterThread: Thread finished: Test 2: Concurrent Updates 2-10
2025-11-28 20:43:13,428 INFO o.a.j.t.JMeterThread: Thread is done: Test 3: Concurrent Deletes 3-2
2025-11-28 20:43:13,428 INFO o.a.j.t.JMeterThread: Thread is done: Test 3: Concurrent Deletes 3-5
2025-11-28 20:43:13,429 INFO o.a.j.t.JMeterThread: Thread finished: Test 3: Concurrent Deletes 3-5
2025-11-28 20:43:13,429 INFO o.a.j.t.JMeterThread: Thread finished: Test 3: Concurrent Deletes 3-2
2025-11-28 20:43:13,431 INFO o.a.j.t.JMeterThread: Thread is done: Test 3: Concurrent Deletes 3-3
2025-11-28 20:43:13,432 INFO o.a.j.t.JMeterThread: Thread finished: Test 3: Concurrent Deletes 3-3
2025-11-28 20:43:13,434 INFO o.a.j.t.JMeterThread: Thread is done: Test 3: Concurrent Deletes 3-8
2025-11-28 20:43:13,434 INFO o.a.j.t.JMeterThread: Thread is done: Test 3: Concurrent Deletes 3-7
2025-11-28 20:43:13,434 INFO o.a.j.t.JMeterThread: Thread is done: Test 3: Concurrent Deletes 3-6
2025-11-28 20:43:13,434 INFO o.a.j.t.JMeterThread: Thread is done: Test 3: Concurrent Deletes 3-4
2025-11-28 20:43:13,434 INFO o.a.j.t.JMeterThread: Thread finished: Test 3: Concurrent Deletes 3-7
2025-11-28 20:43:13,434 INFO o.a.j.t.JMeterThread: Thread finished: Test 3: Concurrent Deletes 3-8
2025-11-28 20:43:13,434 INFO o.a.j.t.JMeterThread: Thread finished: Test 3: Concurrent Deletes 3-6
2025-11-28 20:43:13,434 INFO o.a.j.t.JMeterThread: Thread finished: Test 3: Concurrent Deletes 3-4
2025-11-28 20:43:13,437 INFO o.a.j.t.JMeterThread: Thread is done: Test 3: Concurrent Deletes 3-1
2025-11-28 20:43:13,437 INFO o.a.j.t.JMeterThread: Thread is done: Test 3: Concurrent Deletes 3-9
2025-11-28 20:43:13,437 INFO o.a.j.t.JMeterThread: Thread finished: Test 3: Concurrent Deletes 3-1
2025-11-28 20:43:13,437 INFO o.a.j.t.JMeterThread: Thread finished: Test 3: Concurrent Deletes 3-9
2025-11-28 20:43:13,438 INFO o.a.j.t.JMeterThread: Thread is done: Test 3: Concurrent Deletes 3-10
2025-11-28 20:43:13,438 INFO o.a.j.t.JMeterThread: Thread finished: Test 3: Concurrent Deletes 3-10
2025-11-28 20:43:13,439 INFO o.a.j.e.StandardJMeterEngine: Notifying test listeners of end of test
2025-11-28 20:43:13,439 INFO o.a.j.g.u.JMeterMenuBar: setRunning(false, *local*)
